2016-04-22 15:28:46 - PHP Warning:  mail(): Failed to connect to mailserver at &quot;localhost&quot; port 25, verify your &quot;SMTP&quot; and &quot;smtp_port&quot; setting in php.ini or use ini_set() in D:\xampp\htdocs\Bazaar shodai\system\library\mail.php on line 164
2016-04-22 15:29:37 - PHP Warning:  mail(): Failed to connect to mailserver at &quot;localhost&quot; port 25, verify your &quot;SMTP&quot; and &quot;smtp_port&quot; setting in php.ini or use ini_set() in D:\xampp\htdocs\Bazaar shodai\system\library\mail.php on line 164
2016-04-22 20:56:06 - PHP Notice:  Undefined index: USD in C:\xampp\htdocs\Bazaar shodai\system\library\currency.php on line 55
2016-04-22 20:56:06 - PHP Notice:  Undefined index: USD in C:\xampp\htdocs\Bazaar shodai\system\library\currency.php on line 56
2016-04-22 20:56:06 - PHP Notice:  Undefined index: USD in C:\xampp\htdocs\Bazaar shodai\system\library\currency.php on line 57
2016-04-22 20:56:06 - PHP Notice:  Undefined index: USD in C:\xampp\htdocs\Bazaar shodai\system\library\currency.php on line 65
2016-04-22 20:56:06 - PHP Notice:  Undefined index: USD in C:\xampp\htdocs\Bazaar shodai\system\library\currency.php on line 55
2016-04-22 20:56:06 - PHP Notice:  Undefined index: USD in C:\xampp\htdocs\Bazaar shodai\system\library\currency.php on line 56
2016-04-22 20:56:06 - PHP Notice:  Undefined index: USD in C:\xampp\htdocs\Bazaar shodai\system\library\currency.php on line 57
2016-04-22 20:56:06 - PHP Notice:  Undefined index: USD in C:\xampp\htdocs\Bazaar shodai\system\library\currency.php on line 65
2016-04-22 20:56:06 - PHP Notice:  Undefined index: USD in C:\xampp\htdocs\Bazaar shodai\system\library\currency.php on line 55
2016-04-22 20:56:06 - PHP Notice:  Undefined index: USD in C:\xampp\htdocs\Bazaar shodai\system\library\currency.php on line 56
2016-04-22 20:56:06 - PHP Notice:  Undefined index: USD in C:\xampp\htdocs\Bazaar shodai\system\library\currency.php on line 57
2016-04-22 20:56:06 - PHP Notice:  Undefined index: USD in C:\xampp\htdocs\Bazaar shodai\system\library\currency.php on line 65
2016-04-22 21:07:02 - PHP Warning:  mail(): Failed to connect to mailserver at &quot;localhost&quot; port 25, verify your &quot;SMTP&quot; and &quot;smtp_port&quot; setting in php.ini or use ini_set() in C:\xampp\htdocs\Bazaar shodai\system\library\mail.php on line 164
2016-05-06 12:26:46 - PHP Warning:  mail(): Failed to connect to mailserver at &quot;localhost&quot; port 25, verify your &quot;SMTP&quot; and &quot;smtp_port&quot; setting in php.ini or use ini_set() in C:\xampp\htdocs\Bazaar shodai\system\library\mail.php on line 164
2016-05-06 12:46:26 - PHP Warning:  mail(): Failed to connect to mailserver at &quot;localhost&quot; port 25, verify your &quot;SMTP&quot; and &quot;smtp_port&quot; setting in php.ini or use ini_set() in C:\xampp\htdocs\Bazaar shodai\system\library\mail.php on line 164
2016-05-23 11:42:47 - PHP Warning:  mail(): Failed to connect to mailserver at &quot;localhost&quot; port 25, verify your &quot;SMTP&quot; and &quot;smtp_port&quot; setting in php.ini or use ini_set() in C:\xampp\htdocs\Bazaar shodai\system\library\mail.php on line 164
2016-05-23 11:49:13 - PHP Warning:  mail(): Failed to connect to mailserver at &quot;localhost&quot; port 25, verify your &quot;SMTP&quot; and &quot;smtp_port&quot; setting in php.ini or use ini_set() in C:\xampp\htdocs\Bazaar shodai\system\library\mail.php on line 164
2016-06-07 21:17:24 - PHP Notice:  Undefined index: fax in E:\xampp\htdocs\Bazaar shodai\catalog\model\account\customer.php on line 16
2016-06-07 21:17:24 - PHP Notice:  Undefined index: company in E:\xampp\htdocs\Bazaar shodai\catalog\model\account\customer.php on line 20
2016-06-07 21:17:24 - PHP Notice:  Undefined index: address_2 in E:\xampp\htdocs\Bazaar shodai\catalog\model\account\customer.php on line 20
2016-06-07 21:17:25 - PHP Warning:  mail(): Failed to connect to mailserver at &quot;localhost&quot; port 25, verify your &quot;SMTP&quot; and &quot;smtp_port&quot; setting in php.ini or use ini_set() in E:\xampp\htdocs\Bazaar shodai\system\library\mail.php on line 164
2016-06-07 21:20:56 - PHP Warning:  mail(): Failed to connect to mailserver at &quot;localhost&quot; port 25, verify your &quot;SMTP&quot; and &quot;smtp_port&quot; setting in php.ini or use ini_set() in E:\xampp\htdocs\Bazaar shodai\system\library\mail.php on line 164
2016-06-07 21:26:44 - PHP Warning:  mail(): Failed to connect to mailserver at &quot;localhost&quot; port 25, verify your &quot;SMTP&quot; and &quot;smtp_port&quot; setting in php.ini or use ini_set() in E:\xampp\htdocs\Bazaar shodai\system\library\mail.php on line 164
2016-06-07 21:56:58 - PHP Notice:  Undefined index: sku in E:\xampp\htdocs\Bazaar shodai\admin\model\catalog\product.php on line 131
2016-06-07 21:56:58 - PHP Notice:  Undefined index: upc in E:\xampp\htdocs\Bazaar shodai\admin\model\catalog\product.php on line 131
2016-06-07 21:56:58 - PHP Notice:  Undefined index: ean in E:\xampp\htdocs\Bazaar shodai\admin\model\catalog\product.php on line 131
2016-06-07 21:56:58 - PHP Notice:  Undefined index: jan in E:\xampp\htdocs\Bazaar shodai\admin\model\catalog\product.php on line 131
2016-06-07 21:56:58 - PHP Notice:  Undefined index: isbn in E:\xampp\htdocs\Bazaar shodai\admin\model\catalog\product.php on line 131
2016-06-07 21:56:58 - PHP Notice:  Undefined index: mpn in E:\xampp\htdocs\Bazaar shodai\admin\model\catalog\product.php on line 131
2016-06-07 21:56:58 - PHP Notice:  Undefined index: location in E:\xampp\htdocs\Bazaar shodai\admin\model\catalog\product.php on line 131
2016-06-07 21:56:58 - PHP Notice:  Undefined index: tax_class_id in E:\xampp\htdocs\Bazaar shodai\admin\model\catalog\product.php on line 131
2016-06-08 8:07:41 - PHP Warning:  mail(): Failed to connect to mailserver at &quot;localhost&quot; port 25, verify your &quot;SMTP&quot; and &quot;smtp_port&quot; setting in php.ini or use ini_set() in E:\xampp\htdocs\Bazaar shodai\system\library\mail.php on line 164
2016-06-08 8:40:04 - PHP Notice:  Undefined index: fax in E:\xampp\htdocs\Bazaar shodai\catalog\model\account\customer.php on line 16
2016-06-08 8:40:04 - PHP Notice:  Undefined index: company in E:\xampp\htdocs\Bazaar shodai\catalog\model\account\customer.php on line 20
2016-06-08 8:40:04 - PHP Notice:  Undefined index: address_2 in E:\xampp\htdocs\Bazaar shodai\catalog\model\account\customer.php on line 20
2016-06-08 8:40:05 - PHP Warning:  mail(): Failed to connect to mailserver at &quot;localhost&quot; port 25, verify your &quot;SMTP&quot; and &quot;smtp_port&quot; setting in php.ini or use ini_set() in E:\xampp\htdocs\Bazaar shodai\system\library\mail.php on line 164
2016-06-08 8:44:04 - PHP Warning:  mail(): Failed to connect to mailserver at &quot;localhost&quot; port 25, verify your &quot;SMTP&quot; and &quot;smtp_port&quot; setting in php.ini or use ini_set() in E:\xampp\htdocs\Bazaar shodai\system\library\mail.php on line 164
2016-06-08 8:45:19 - PHP Warning:  mail(): Failed to connect to mailserver at &quot;localhost&quot; port 25, verify your &quot;SMTP&quot; and &quot;smtp_port&quot; setting in php.ini or use ini_set() in E:\xampp\htdocs\Bazaar shodai\system\library\mail.php on line 164
